Start testing: Dec 21 12:17 MSK
----------------------------------------------------------
1/5 Testing: runContainerTest
1/5 Test: runContainerTest
Command: "/home/awerkiler/progs/Mail/old1/AdvancedC ++/Project/11/bin/runContainerTest"
Directory: /home/awerkiler/progs/Mail/old1/AdvancedC ++/Project/11
"runContainerTest" start time: Dec 21 12:17 MSK
Output:
----------------------------------------------------------
[==========] Running 4 tests from 1 test case.
[----------] Global test environment set-up.
[----------] 4 tests from ContainerTest
[ RUN      ] ContainerTest.InitTest
[       OK ] ContainerTest.InitTest (0 ms)
[ RUN      ] ContainerTest.SetGetKeyTest
[       OK ] ContainerTest.SetGetKeyTest (0 ms)
[ RUN      ] ContainerTest.SetGetDataTest
[       OK ] ContainerTest.SetGetDataTest (0 ms)
[ RUN      ] ContainerTest.SaveLoadContainerTest
[       OK ] ContainerTest.SaveLoadContainerTest (1 ms)
[----------] 4 tests from ContainerTest (1 ms total)

[----------] Global test environment tear-down
[==========] 4 tests from 1 test case ran. (1 ms total)
[  PASSED  ] 4 tests.
<end of output>
Test time =   0.01 sec
----------------------------------------------------------
Test Passed.
"runContainerTest" end time: Dec 21 12:17 MSK
"runContainerTest" time elapsed: 00:00:00
----------------------------------------------------------

2/5 Testing: runDBManagerTest
2/5 Test: runDBManagerTest
Command: "/home/awerkiler/progs/Mail/old1/AdvancedC ++/Project/11/bin/runDBManagerTest"
Directory: /home/awerkiler/progs/Mail/old1/AdvancedC ++/Project/11
"runDBManagerTest" start time: Dec 21 12:17 MSK
Output:
----------------------------------------------------------
[==========] Running 4 tests from 2 test cases.
[----------] Global test environment set-up.
[----------] 1 test from DBManagerTest
[ RUN      ] DBManagerTest.InitTest
[       OK ] DBManagerTest.InitTest (0 ms)
[----------] 1 test from DBManagerTest (0 ms total)

[----------] 3 tests from TestDBManager
[ RUN      ] TestDBManager.GetFreeContainerTest
[       OK ] TestDBManager.GetFreeContainerTest (2 ms)
[ RUN      ] TestDBManager.InvalidSaveLoadContainerTest
[       OK ] TestDBManager.InvalidSaveLoadContainerTest (0 ms)
[ RUN      ] TestDBManager.SaveLoadContainerTest
[       OK ] TestDBManager.SaveLoadContainerTest (2 ms)
[----------] 3 tests from TestDBManager (4 ms total)

[----------] Global test environment tear-down
[==========] 4 tests from 2 test cases ran. (4 ms total)
[  PASSED  ] 4 tests.
<end of output>
Test time =   0.01 sec
----------------------------------------------------------
Test Passed.
"runDBManagerTest" end time: Dec 21 12:17 MSK
"runDBManagerTest" time elapsed: 00:00:00
----------------------------------------------------------

3/5 Testing: runKDTreeTest
3/5 Test: runKDTreeTest
Command: "/home/awerkiler/progs/Mail/old1/AdvancedC ++/Project/11/bin/runKDTreeTest"
Directory: /home/awerkiler/progs/Mail/old1/AdvancedC ++/Project/11
"runKDTreeTest" start time: Dec 21 12:17 MSK
Output:
----------------------------------------------------------
[==========] Running 3 tests from 2 test cases.
[----------] Global test environment set-up.
[----------] 1 test from KDTreeTest
[ RUN      ] KDTreeTest.InitTest
[       OK ] KDTreeTest.InitTest (1 ms)
[----------] 1 test from KDTreeTest (1 ms total)

[----------] 2 tests from TestKDTree
[ RUN      ] TestKDTree.AddTest
[       OK ] TestKDTree.AddTest (709 ms)
[ RUN      ] TestKDTree.NeighborSearch
[       OK ] TestKDTree.NeighborSearch (958 ms)
[----------] 2 tests from TestKDTree (1667 ms total)

[----------] Global test environment tear-down
[==========] 3 tests from 2 test cases ran. (1668 ms total)
[  PASSED  ] 3 tests.
<end of output>
Test time =   1.67 sec
----------------------------------------------------------
Test Passed.
"runKDTreeTest" end time: Dec 21 12:17 MSK
"runKDTreeTest" time elapsed: 00:00:01
----------------------------------------------------------

4/5 Testing: runSearchEngineTest
4/5 Test: runSearchEngineTest
Command: "/home/awerkiler/progs/Mail/old1/AdvancedC ++/Project/11/bin/runSearchEngineTest"
Directory: /home/awerkiler/progs/Mail/old1/AdvancedC ++/Project/11
"runSearchEngineTest" start time: Dec 21 12:17 MSK
Output:
----------------------------------------------------------
[==========] Running 2 tests from 2 test cases.
[----------] Global test environment set-up.
[----------] 1 test from KDTreeTest
[ RUN      ] KDTreeTest.InitTest
[       OK ] KDTreeTest.InitTest (0 ms)
[----------] 1 test from KDTreeTest (0 ms total)

[----------] 1 test from TestSearchEngine
[ RUN      ] TestSearchEngine.BestMatchTest
[       OK ] TestSearchEngine.BestMatchTest (941 ms)
[----------] 1 test from TestSearchEngine (941 ms total)

[----------] Global test environment tear-down
[==========] 2 tests from 2 test cases ran. (941 ms total)
[  PASSED  ] 2 tests.
<end of output>
Test time =   0.95 sec
----------------------------------------------------------
Test Passed.
"runSearchEngineTest" end time: Dec 21 12:17 MSK
"runSearchEngineTest" time elapsed: 00:00:00
----------------------------------------------------------

5/5 Testing: runDBTest
5/5 Test: runDBTest
Command: "/home/awerkiler/progs/Mail/old1/AdvancedC ++/Project/11/bin/runDBTest"
Directory: /home/awerkiler/progs/Mail/old1/AdvancedC ++/Project/11
"runDBTest" start time: Dec 21 12:17 MSK
Output:
----------------------------------------------------------
[==========] Running 1 test from 1 test case.
[----------] Global test environment set-up.
[----------] 1 test from DBTest
[ RUN      ] DBTest.InitTest
5dfde3227f3e706096250842
[       OK ] DBTest.InitTest (4 ms)
[----------] 1 test from DBTest (4 ms total)

[----------] Global test environment tear-down
[==========] 1 test from 1 test case ran. (4 ms total)
[  PASSED  ] 1 test.
<end of output>
Test time =   0.01 sec
----------------------------------------------------------
Test Passed.
"runDBTest" end time: Dec 21 12:17 MSK
"runDBTest" time elapsed: 00:00:00
----------------------------------------------------------

End testing: Dec 21 12:17 MSK
